1768427398.380984 client started (5269): version 3.4, socket /tmp/tmux-1000/default, protocol 8
1768427398.381028 on Linux 6.6.87.2-microsoft-standard-WSL2 #1 SMP PREEMPT_DYNAMIC Thu Jun  5 18:30:46 UTC 2025
1768427398.381034 using libevent 2.1.12-stable poll
1768427398.381038 using ncurses 6.4 20240113
1768427398.381061 flags are 0x18010000
1768427398.381206 socket is /tmp/tmux-1000/default
1768427398.381233 trying connect
1768427398.381273 connect failed: No such file or directory
1768427398.381302 lock file is /tmp/tmux-1000/default.lock
1768427398.381367 flock succeeded
1768427398.381379 got lock (6)
1768427398.381395 trying connect
1768427398.381417 connect failed: No such file or directory
1768427398.382249 add peer 0x61799790e850: 7 ((nil))
1768427398.383509 sending message 100 to peer 0x61799790e850 (4 bytes)
1768427398.383527 sending message 111 to peer 0x61799790e850 (8 bytes)
1768427398.383537 sending message 101 to peer 0x61799790e850 (15 bytes)
1768427398.383545 sending message 109 to peer 0x61799790e850 (4 bytes)
1768427398.383556 sending message 102 to peer 0x61799790e850 (11 bytes)
1768427398.383568 sending message 108 to peer 0x61799790e850 (38 bytes)
1768427398.383580 sending message 112 to peer 0x61799790e850 (58 bytes)
1768427398.383588 sending message 112 to peer 0x61799790e850 (5 bytes)
1768427398.383597 sending message 112 to peer 0x61799790e850 (5 bytes)
1768427398.383607 sending message 112 to peer 0x61799790e850 (6 bytes)
1768427398.383616 sending message 112 to peer 0x61799790e850 (6 bytes)
1768427398.383625 sending message 112 to peer 0x61799790e850 (11 bytes)
1768427398.383633 sending message 112 to peer 0x61799790e850 (10 bytes)
1768427398.383641 sending message 112 to peer 0x61799790e850 (13 bytes)
1768427398.383649 sending message 112 to peer 0x61799790e850 (14 bytes)
1768427398.383658 sending message 112 to peer 0x61799790e850 (19 bytes)
1768427398.383667 sending message 112 to peer 0x61799790e850 (11 bytes)
1768427398.383675 sending message 112 to peer 0x61799790e850 (10 bytes)
1768427398.383683 sending message 112 to peer 0x61799790e850 (15 bytes)
1768427398.383691 sending message 112 to peer 0x61799790e850 (21 bytes)
1768427398.383700 sending message 112 to peer 0x61799790e850 (13 bytes)
1768427398.383710 sending message 112 to peer 0x61799790e850 (7 bytes)
1768427398.383720 sending message 112 to peer 0x61799790e850 (13 bytes)
1768427398.383729 sending message 112 to peer 0x61799790e850 (7 bytes)
1768427398.383755 sending message 112 to peer 0x61799790e850 (13 bytes)
1768427398.383765 sending message 112 to peer 0x61799790e850 (9 bytes)
1768427398.383773 sending message 112 to peer 0x61799790e850 (21 bytes)
1768427398.383781 sending message 112 to peer 0x61799790e850 (13 bytes)
1768427398.383789 sending message 112 to peer 0x61799790e850 (9 bytes)
1768427398.383798 sending message 112 to peer 0x61799790e850 (16 bytes)
1768427398.383807 sending message 112 to peer 0x61799790e850 (13 bytes)
1768427398.383815 sending message 112 to peer 0x61799790e850 (9 bytes)
1768427398.383834 sending message 112 to peer 0x61799790e850 (9 bytes)
1768427398.383843 sending message 112 to peer 0x61799790e850 (12 bytes)
1768427398.383852 sending message 112 to peer 0x61799790e850 (8 bytes)
1768427398.383860 sending message 112 to peer 0x61799790e850 (8 bytes)
1768427398.383869 sending message 112 to peer 0x61799790e850 (13 bytes)
1768427398.383877 sending message 112 to peer 0x61799790e850 (7 bytes)
1768427398.383888 sending message 112 to peer 0x61799790e850 (7 bytes)
1768427398.383899 sending message 112 to peer 0x61799790e850 (9 bytes)
1768427398.383907 sending message 112 to peer 0x61799790e850 (9 bytes)
1768427398.383917 sending message 112 to peer 0x61799790e850 (15 bytes)
1768427398.383927 sending message 112 to peer 0x61799790e850 (13 bytes)
1768427398.383937 sending message 112 to peer 0x61799790e850 (12 bytes)
1768427398.383954 sending message 112 to peer 0x61799790e850 (8 bytes)
1768427398.383964 sending message 112 to peer 0x61799790e850 (14 bytes)
1768427398.383973 sending message 112 to peer 0x61799790e850 (11 bytes)
1768427398.384000 sending message 112 to peer 0x61799790e850 (9 bytes)
1768427398.384010 sending message 112 to peer 0x61799790e850 (10 bytes)
1768427398.384019 sending message 112 to peer 0x61799790e850 (10 bytes)
1768427398.384027 sending message 112 to peer 0x61799790e850 (10 bytes)
1768427398.384035 sending message 112 to peer 0x61799790e850 (10 bytes)
1768427398.384052 sending message 112 to peer 0x61799790e850 (11 bytes)
1768427398.384080 sending message 112 to peer 0x61799790e850 (12 bytes)
1768427398.384102 sending message 112 to peer 0x61799790e850 (12 bytes)
1768427398.384113 sending message 112 to peer 0x61799790e850 (12 bytes)
1768427398.384123 sending message 112 to peer 0x61799790e850 (12 bytes)
1768427398.384132 sending message 112 to peer 0x61799790e850 (12 bytes)
1768427398.384144 sending message 112 to peer 0x61799790e850 (11 bytes)
1768427398.384156 sending message 112 to peer 0x61799790e850 (11 bytes)
1768427398.384166 sending message 112 to peer 0x61799790e850 (12 bytes)
1768427398.384175 sending message 112 to peer 0x61799790e850 (12 bytes)
1768427398.384184 sending message 112 to peer 0x61799790e850 (12 bytes)
1768427398.384192 sending message 112 to peer 0x61799790e850 (12 bytes)
1768427398.384200 sending message 112 to peer 0x61799790e850 (12 bytes)
1768427398.384208 sending message 112 to peer 0x61799790e850 (9 bytes)
1768427398.384218 sending message 112 to peer 0x61799790e850 (12 bytes)
1768427398.384226 sending message 112 to peer 0x61799790e850 (13 bytes)
1768427398.384234 sending message 112 to peer 0x61799790e850 (13 bytes)
1768427398.384242 sending message 112 to peer 0x61799790e850 (13 bytes)
1768427398.384250 sending message 112 to peer 0x61799790e850 (13 bytes)
1768427398.384259 sending message 112 to peer 0x61799790e850 (13 bytes)
1768427398.384267 sending message 112 to peer 0x61799790e850 (8 bytes)
1768427398.384276 sending message 112 to peer 0x61799790e850 (11 bytes)
1768427398.384284 sending message 112 to peer 0x61799790e850 (11 bytes)
1768427398.384292 sending message 112 to peer 0x61799790e850 (11 bytes)
1768427398.384300 sending message 112 to peer 0x61799790e850 (12 bytes)
1768427398.384309 sending message 112 to peer 0x61799790e850 (12 bytes)
1768427398.384317 sending message 112 to peer 0x61799790e850 (12 bytes)
1768427398.384325 sending message 112 to peer 0x61799790e850 (12 bytes)
1768427398.384333 sending message 112 to peer 0x61799790e850 (13 bytes)
1768427398.384341 sending message 112 to peer 0x61799790e850 (13 bytes)
1768427398.384350 sending message 112 to peer 0x61799790e850 (13 bytes)
1768427398.384359 sending message 112 to peer 0x61799790e850 (8 bytes)
1768427398.384367 sending message 112 to peer 0x61799790e850 (13 bytes)
1768427398.384375 sending message 112 to peer 0x61799790e850 (13 bytes)
1768427398.384383 sending message 112 to peer 0x61799790e850 (13 bytes)
1768427398.384392 sending message 112 to peer 0x61799790e850 (13 bytes)
1768427398.384401 sending message 112 to peer 0x61799790e850 (13 bytes)
1768427398.384409 sending message 112 to peer 0x61799790e850 (12 bytes)
1768427398.384417 sending message 112 to peer 0x61799790e850 (12 bytes)
1768427398.384425 sending message 112 to peer 0x61799790e850 (12 bytes)
1768427398.384433 sending message 112 to peer 0x61799790e850 (12 bytes)
1768427398.384442 sending message 112 to peer 0x61799790e850 (13 bytes)
1768427398.384450 sending message 112 to peer 0x61799790e850 (8 bytes)
1768427398.384458 sending message 112 to peer 0x61799790e850 (13 bytes)
1768427398.384466 sending message 112 to peer 0x61799790e850 (13 bytes)
1768427398.384474 sending message 112 to peer 0x61799790e850 (13 bytes)
1768427398.384483 sending message 112 to peer 0x61799790e850 (13 bytes)
1768427398.384492 sending message 112 to peer 0x61799790e850 (13 bytes)
1768427398.384500 sending message 112 to peer 0x61799790e850 (13 bytes)
1768427398.384507 sending message 112 to peer 0x61799790e850 (13 bytes)
1768427398.384515 sending message 112 to peer 0x61799790e850 (12 bytes)
1768427398.384524 sending message 112 to peer 0x61799790e850 (12 bytes)
1768427398.384618 sending message 112 to peer 0x61799790e850 (12 bytes)
1768427398.384631 sending message 112 to peer 0x61799790e850 (8 bytes)
1768427398.384640 sending message 112 to peer 0x61799790e850 (12 bytes)
1768427398.384648 sending message 112 to peer 0x61799790e850 (13 bytes)
1768427398.384656 sending message 112 to peer 0x61799790e850 (13 bytes)
1768427398.384664 sending message 112 to peer 0x61799790e850 (13 bytes)
1768427398.384674 sending message 112 to peer 0x61799790e850 (13 bytes)
1768427398.384683 sending message 112 to peer 0x61799790e850 (13 bytes)
1768427398.384691 sending message 112 to peer 0x61799790e850 (13 bytes)
1768427398.384699 sending message 112 to peer 0x61799790e850 (13 bytes)
1768427398.384707 sending message 112 to peer 0x61799790e850 (13 bytes)
1768427398.384716 sending message 112 to peer 0x61799790e850 (12 bytes)
1768427398.384725 sending message 112 to peer 0x61799790e850 (10 bytes)
1768427398.384737 sending message 112 to peer 0x61799790e850 (12 bytes)
1768427398.384746 sending message 112 to peer 0x61799790e850 (12 bytes)
1768427398.384753 sending message 112 to peer 0x61799790e850 (12 bytes)
1768427398.384763 sending message 112 to peer 0x61799790e850 (13 bytes)
1768427398.384771 sending message 112 to peer 0x61799790e850 (13 bytes)
1768427398.384780 sending message 112 to peer 0x61799790e850 (13 bytes)
1768427398.384788 sending message 112 to peer 0x61799790e850 (13 bytes)
1768427398.384796 sending message 112 to peer 0x61799790e850 (13 bytes)
1768427398.384805 sending message 112 to peer 0x61799790e850 (13 bytes)
1768427398.384814 sending message 112 to peer 0x61799790e850 (13 bytes)
1768427398.384822 sending message 112 to peer 0x61799790e850 (10 bytes)
1768427398.384831 sending message 112 to peer 0x61799790e850 (13 bytes)
1768427398.384839 sending message 112 to peer 0x61799790e850 (12 bytes)
1768427398.384847 sending message 112 to peer 0x61799790e850 (12 bytes)
1768427398.384856 sending message 112 to peer 0x61799790e850 (12 bytes)
1768427398.384864 sending message 112 to peer 0x61799790e850 (10 bytes)
1768427398.384872 sending message 112 to peer 0x61799790e850 (10 bytes)
1768427398.384880 sending message 112 to peer 0x61799790e850 (10 bytes)
1768427398.384888 sending message 112 to peer 0x61799790e850 (12 bytes)
1768427398.384897 sending message 112 to peer 0x61799790e850 (13 bytes)
1768427398.384906 sending message 112 to peer 0x61799790e850 (13 bytes)
1768427398.384914 sending message 112 to peer 0x61799790e850 (13 bytes)
1768427398.384923 sending message 112 to peer 0x61799790e850 (13 bytes)
1768427398.384931 sending message 112 to peer 0x61799790e850 (13 bytes)
1768427398.384940 sending message 112 to peer 0x61799790e850 (10 bytes)
1768427398.384949 sending message 112 to peer 0x61799790e850 (11 bytes)
1768427398.384957 sending message 112 to peer 0x61799790e850 (12 bytes)
1768427398.384965 sending message 112 to peer 0x61799790e850 (12 bytes)
1768427398.384973 sending message 112 to peer 0x61799790e850 (12 bytes)
1768427398.384982 sending message 112 to peer 0x61799790e850 (12 bytes)
1768427398.384991 sending message 112 to peer 0x61799790e850 (12 bytes)
1768427398.384999 sending message 112 to peer 0x61799790e850 (11 bytes)
1768427398.385007 sending message 112 to peer 0x61799790e850 (12 bytes)
1768427398.385015 sending message 112 to peer 0x61799790e850 (12 bytes)
1768427398.385024 sending message 112 to peer 0x61799790e850 (13 bytes)
1768427398.385033 sending message 112 to peer 0x61799790e850 (13 bytes)
1768427398.385041 sending message 112 to peer 0x61799790e850 (13 bytes)
1768427398.385050 sending message 112 to peer 0x61799790e850 (13 bytes)
1768427398.385058 sending message 112 to peer 0x61799790e850 (13 bytes)
1768427398.385066 sending message 112 to peer 0x61799790e850 (10 bytes)
1768427398.385076 sending message 112 to peer 0x61799790e850 (9 bytes)
1768427398.385084 sending message 112 to peer 0x61799790e850 (12 bytes)
1768427398.385092 sending message 112 to peer 0x61799790e850 (13 bytes)
1768427398.385100 sending message 112 to peer 0x61799790e850 (13 bytes)
1768427398.385119 sending message 112 to peer 0x61799790e850 (13 bytes)
1768427398.385128 sending message 112 to peer 0x61799790e850 (13 bytes)
1768427398.385136 sending message 112 to peer 0x61799790e850 (13 bytes)
1768427398.385145 sending message 112 to peer 0x61799790e850 (9 bytes)
1768427398.385153 sending message 112 to peer 0x61799790e850 (12 bytes)
1768427398.385162 sending message 112 to peer 0x61799790e850 (13 bytes)
1768427398.385170 sending message 112 to peer 0x61799790e850 (13 bytes)
1768427398.385179 sending message 112 to peer 0x61799790e850 (13 bytes)
1768427398.385187 sending message 112 to peer 0x61799790e850 (13 bytes)
1768427398.385195 sending message 112 to peer 0x61799790e850 (13 bytes)
1768427398.385204 sending message 112 to peer 0x61799790e850 (11 bytes)
1768427398.385213 sending message 112 to peer 0x61799790e850 (12 bytes)
1768427398.385221 sending message 112 to peer 0x61799790e850 (13 bytes)
1768427398.385229 sending message 112 to peer 0x61799790e850 (13 bytes)
1768427398.385237 sending message 112 to peer 0x61799790e850 (13 bytes)
1768427398.385246 sending message 112 to peer 0x61799790e850 (13 bytes)
1768427398.385255 sending message 112 to peer 0x61799790e850 (13 bytes)
1768427398.385263 sending message 112 to peer 0x61799790e850 (11 bytes)
1768427398.385271 sending message 112 to peer 0x61799790e850 (12 bytes)
1768427398.385280 sending message 112 to peer 0x61799790e850 (12 bytes)
1768427398.385289 sending message 112 to peer 0x61799790e850 (12 bytes)
1768427398.385298 sending message 112 to peer 0x61799790e850 (12 bytes)
1768427398.385306 sending message 112 to peer 0x61799790e850 (12 bytes)
1768427398.385313 sending message 112 to peer 0x61799790e850 (21 bytes)
1768427398.385321 sending message 112 to peer 0x61799790e850 (12 bytes)
1768427398.385329 sending message 112 to peer 0x61799790e850 (9 bytes)
1768427398.385338 sending message 112 to peer 0x61799790e850 (6 bytes)
1768427398.385347 sending message 112 to peer 0x61799790e850 (13 bytes)
1768427398.385355 sending message 112 to peer 0x61799790e850 (10 bytes)
1768427398.385363 sending message 112 to peer 0x61799790e850 (24 bytes)
1768427398.385371 sending message 112 to peer 0x61799790e850 (13 bytes)
1768427398.385380 sending message 112 to peer 0x61799790e850 (9 bytes)
1768427398.385389 sending message 112 to peer 0x61799790e850 (70 bytes)
1768427398.385397 sending message 112 to peer 0x61799790e850 (69 bytes)
1768427398.385405 sending message 112 to peer 0x61799790e850 (12 bytes)
1768427398.385413 sending message 112 to peer 0x61799790e850 (10 bytes)
1768427398.385422 sending message 112 to peer 0x61799790e850 (10 bytes)
1768427398.385431 sending message 112 to peer 0x61799790e850 (24 bytes)
1768427398.385439 sending message 112 to peer 0x61799790e850 (13 bytes)
1768427398.385447 sending message 112 to peer 0x61799790e850 (10 bytes)
1768427398.385456 sending message 112 to peer 0x61799790e850 (10 bytes)
1768427398.385465 sending message 112 to peer 0x61799790e850 (10 bytes)
1768427398.385474 sending message 112 to peer 0x61799790e850 (13 bytes)
1768427398.385482 sending message 112 to peer 0x61799790e850 (15 bytes)
1768427398.385490 sending message 112 to peer 0x61799790e850 (5 bytes)
1768427398.385500 sending message 104 to peer 0x61799790e850 (0 bytes)
1768427398.385510 sending message 110 to peer 0x61799790e850 (0 bytes)
1768427398.385520 sending message 107 to peer 0x61799790e850 (4 bytes)
1768427398.385529 sending message 105 to peer 0x61799790e850 (16 bytes)
1768427398.385537 sending message 105 to peer 0x61799790e850 (63 bytes)
1768427398.385545 sending message 105 to peer 0x61799790e850 (24 bytes)
1768427398.385554 sending message 105 to peer 0x61799790e850 (23 bytes)
1768427398.385563 sending message 105 to peer 0x61799790e850 (48 bytes)
1768427398.385571 sending message 105 to peer 0x61799790e850 (13 bytes)
1768427398.385579 sending message 105 to peer 0x61799790e850 (42 bytes)
1768427398.385587 sending message 105 to peer 0x61799790e850 (16 bytes)
1768427398.385597 sending message 105 to peer 0x61799790e850 (19 bytes)
1768427398.385614 sending message 105 to peer 0x61799790e850 (13 bytes)
1768427398.385622 sending message 105 to peer 0x61799790e850 (34 bytes)
1768427398.385631 sending message 105 to peer 0x61799790e850 (1817 bytes)
1768427398.385653 sending message 105 to peer 0x61799790e850 (26 bytes)
1768427398.385664 sending message 105 to peer 0x61799790e850 (27 bytes)
1768427398.385672 sending message 105 to peer 0x61799790e850 (34 bytes)
1768427398.385680 sending message 105 to peer 0x61799790e850 (20 bytes)
1768427398.385689 sending message 105 to peer 0x61799790e850 (32 bytes)
1768427398.385697 sending message 105 to peer 0x61799790e850 (13 bytes)
1768427398.385705 sending message 105 to peer 0x61799790e850 (11 bytes)
1768427398.385713 sending message 105 to peer 0x61799790e850 (8 bytes)
1768427398.385721 sending message 105 to peer 0x61799790e850 (14 bytes)
1768427398.385729 sending message 105 to peer 0x61799790e850 (32 bytes)
1768427398.385738 sending message 105 to peer 0x61799790e850 (33 bytes)
1768427398.385746 sending message 105 to peer 0x61799790e850 (65 bytes)
1768427398.385754 sending message 105 to peer 0x61799790e850 (796 bytes)
1768427398.385763 sending message 105 to peer 0x61799790e850 (54 bytes)
1768427398.385771 sending message 105 to peer 0x61799790e850 (54 bytes)
1768427398.385780 sending message 105 to peer 0x61799790e850 (16 bytes)
1768427398.385788 sending message 105 to peer 0x61799790e850 (40 bytes)
1768427398.385796 sending message 105 to peer 0x61799790e850 (53 bytes)
1768427398.385804 sending message 105 to peer 0x61799790e850 (37 bytes)
1768427398.385812 sending message 105 to peer 0x61799790e850 (16 bytes)
1768427398.385821 sending message 106 to peer 0x61799790e850 (0 bytes)
1768427398.385908 sending message 200 to peer 0x61799790e850 (4 bytes)
1768427398.385920 client loop enter
1768427398.385953 client_signal: Child exited
1768427398.603987 peer 0x61799790e850 message 207
1768427398.604027 sending message 208 to peer 0x61799790e850 (0 bytes)
1768427405.326392 client_signal: Window changed
1768427405.326486 sending message 208 to peer 0x61799790e850 (0 bytes)
1768427614.712023 peer 0x61799790e850 message 203
1768427614.712072 sending message 205 to peer 0x61799790e850 (0 bytes)
1768427614.713180 peer 0x61799790e850 message 204
1768427614.713232 client loop exit
